{"numTotalTestSuites":63,"numPassedTestSuites":61,"numFailedTestSuites":2,"numPendingTestSuites":0,"numTotalTests":123,"numPassedTests":122,"numFailedTests":1,"numPendingTests":0,"numTodoTests":0,"snapshot":{"added":0,"failure":false,"filesAdded":0,"filesRemoved":0,"filesRemovedList":[],"filesUnmatched":0,"filesUpdated":0,"matched":0,"total":0,"unchecked":0,"uncheckedKeysByFile":[],"unmatched":0,"updated":0,"didUpdate":false},"startTime":1785779592595,"success":false,"testResults":[{"assertionResults":[{"ancestorTitles":["OPROX OS — Phase 1 Critical Security & Runtime Integrity Tests"],"fullName":"OPROX OS — Phase 1 Critical Security & Runtime Integrity Tests 1. Anonymous -> admin endpoint = DENIED (401)","status":"passed","title":"1. Anonymous -> admin endpoint = DENIED (401)","duration":85.7648909999998,"failureMessages":[],"meta":{},"tags":[]},{"ancestorTitles":["OPROX OS — Phase 1 Critical Security & Runtime Integrity Tests"],"fullName":"OPROX OS — Phase 1 Critical Security & Runtime Integrity Tests 2. User -> admin endpoint = DENIED (403)","status":"passed","title":"2. User -> admin endpoint = DENIED (403)","duration":9.941217999999935,"failureMessages":[],"meta":{},"tags":[]},{"ancestorTitles":["OPROX OS — Phase 1 Critical Security & Runtime Integrity Tests"],"fullName":"OPROX OS — Phase 1 Critical Security & Runtime Integrity Tests 3. Admin -> superadmin-only operation = DENIED (403)","status":"passed","title":"3. Admin -> superadmin-only operation = DENIED (403)","duration":18.450786999999764,"failureMessages":[],"meta":{},"tags":[]},{"ancestorTitles":["OPROX OS — Phase 1 Critical Security & Runtime Integrity Tests"],"fullName":"OPROX OS — Phase 1 Critical Security & Runtime Integrity Tests 4. Authorized privileged request = ALLOWED (200)","status":"passed","title":"4. Authorized privileged request = ALLOWED (200)","duration":52.594123000000764,"failureMessages":[],"meta":{},"tags":[]},{"ancestorTitles":["OPROX OS — Phase 1 Critical Security & Runtime Integrity Tests"],"fullName":"OPROX OS — Phase 1 Critical Security & Runtime Integrity Tests 5. Cross-organization unauthorized access = DENIED (403)","status":"passed","title":"5. Cross-organization unauthorized access = DENIED (403)","duration":12.990060999999514,"failureMessages":[],"meta":{},"tags":[]},{"ancestorTitles":["OPROX OS — Phase 1 Critical Security & Runtime Integrity Tests"],"fullName":"OPROX OS — Phase 1 Critical Security & Runtime Integrity Tests 6. Anonymous AI request = DENIED (401)","status":"passed","title":"6. Anonymous AI request = DENIED (401)","duration":11.458448999999746,"failureMessages":[],"meta":{},"tags":[]},{"ancestorTitles":["OPROX OS — Phase 1 Critical Security & Runtime Integrity Tests"],"fullName":"OPROX OS — Phase 1 Critical Security & Runtime Integrity Tests 7. KillSwitch active -> AI request = DENIED (503)","status":"passed","title":"7. KillSwitch active -> AI request = DENIED (503)","duration":76.51900800000021,"failureMessages":[],"meta":{},"tags":[]},{"ancestorTitles":["OPROX OS — Phase 1 Critical Security & Runtime Integrity Tests"],"fullName":"OPROX OS — Phase 1 Critical Security & Runtime Integrity Tests 8. CostGuard denial -> provider NOT called (429)","status":"passed","title":"8. CostGuard denial -> provider NOT called (429)","duration":6.200485000000299,"failureMessages":[],"meta":{},"tags":[]},{"ancestorTitles":["OPROX OS — Phase 1 Critical Security & Runtime Integrity Tests"],"fullName":"OPROX OS — Phase 1 Critical Security & Runtime Integrity Tests 9. Insufficient AI Wallet -> provider NOT called (402)","status":"passed","title":"9. Insufficient AI Wallet -> provider NOT called (402)","duration":11.568175000000338,"failureMessages":[],"meta":{},"tags":[]},{"ancestorTitles":["OPROX OS — Phase 1 Critical Security & Runtime Integrity Tests"],"fullName":"OPROX OS — Phase 1 Critical Security & Runtime Integrity Tests 10. Missing Stripe signature = DENIED (400)","status":"passed","title":"10. Missing Stripe signature = DENIED (400)","duration":7.615984000000026,"failureMessages":[],"meta":{},"tags":[]},{"ancestorTitles":["OPROX OS — Phase 1 Critical Security & Runtime Integrity Tests"],"fullName":"OPROX OS — Phase 1 Critical Security & Runtime Integrity Tests 11. Invalid Stripe signature = DENIED (400)","status":"passed","title":"11. Invalid Stripe signature = DENIED (400)","duration":13.970594999999776,"failureMessages":[],"meta":{},"tags":[]},{"ancestorTitles":["OPROX OS — Phase 1 Critical Security & Runtime Integrity Tests"],"fullName":"OPROX OS — Phase 1 Critical Security & Runtime Integrity Tests 12. Valid Stripe signature = ACCEPTED (200)","status":"passed","title":"12. Valid Stripe signature = ACCEPTED (200)","duration":9.500793000000158,"failureMessages":[],"meta":{},"tags":[]},{"ancestorTitles":["OPROX OS — Phase 1 Critical Security & Runtime Integrity Tests"],"fullName":"OPROX OS — Phase 1 Critical Security & Runtime Integrity Tests 13. Payment provider API response contains ZERO plain text secretKey or webhookSecret","status":"passed","title":"13. Payment provider API response contains ZERO plain text secretKey or webhookSecret","duration":5.523435999999492,"failureMessages":[],"meta":{},"tags":[]},{"ancestorTitles":["OPROX OS — Phase 1 Critical Security & Runtime Integrity Tests"],"fullName":"OPROX OS — Phase 1 Critical Security & Runtime Integrity Tests 14. /api/download-zip endpoint is DISABLED (410)","status":"passed","title":"14. /api/download-zip endpoint is DISABLED (410)","duration":8.060809000000518,"failureMessages":[],"meta":{},"tags":[]},{"ancestorTitles":["OPROX OS — Phase 1 Critical Security & Runtime Integrity Tests"],"fullName":"OPROX OS — Phase 1 Critical Security & Runtime Integrity Tests 15. Security audit log records events without leaking secrets","status":"passed","title":"15. Security audit log records events without leaking secrets","duration":46.32609400000001,"failureMessages":[],"meta":{},"tags":[]}],"startTime":1785779651007,"endTime":1785779651384.3262,"status":"passed","message":"","name":"/app/applet/tests/phase1-security.test.ts"},{"assertionResults":[{"ancestorTitles":["OPROX OS — Phase 2 Complete Verification Suite","Phase 2.2 — Encryption at Rest"],"fullName":"OPROX OS — Phase 2 Complete Verification Suite Phase 2.2 — Encryption at Rest encrypts plaintext secrets using AES-256-GCM format","status":"passed","title":"encrypts plaintext secrets using AES-256-GCM format","duration":4.86560099999997,"failureMessages":[],"meta":{},"tags":[]},{"ancestorTitles":["OPROX OS — Phase 2 Complete Verification Suite","Phase 2.2 — Encryption at Rest"],"fullName":"OPROX OS — Phase 2 Complete Verification Suite Phase 2.2 — Encryption at Rest decrypts encrypted secrets back to original plaintext","status":"passed","title":"decrypts encrypted secrets back to original plaintext","duration":0.9936740000000555,"failureMessages":[],"meta":{},"tags":[]},{"ancestorTitles":["OPROX OS — Phase 2 Complete Verification Suite","Phase 2.2 — Encryption at Rest"],"fullName":"OPROX OS — Phase 2 Complete Verification Suite Phase 2.2 — Encryption at Rest throws an error if ciphertext or authentication tag is tampered with","status":"passed","title":"throws an error if ciphertext or authentication tag is tampered with","duration":3.249765000000025,"failureMessages":[],"meta":{},"tags":[]},{"ancestorTitles":["OPROX OS — Phase 2 Complete Verification Suite","Phase 2.2 — Encryption at Rest"],"fullName":"OPROX OS — Phase 2 Complete Verification Suite Phase 2.2 — Encryption at Rest fails closed in production if MASTER_ENCRYPTION_KEY is missing","status":"passed","title":"fails closed in production if MASTER_ENCRYPTION_KEY is missing","duration":1.048516999999947,"failureMessages":[],"meta":{},"tags":[]},{"ancestorTitles":["OPROX OS — Phase 2 Complete Verification Suite","Phase 2.2 — Encryption at Rest"],"fullName":"OPROX OS — Phase 2 Complete Verification Suite Phase 2.2 — Encryption at Rest encrypts payment provider secret keys on config update","status":"passed","title":"encrypts payment provider secret keys on config update","duration":1.8598000000001775,"failureMessages":[],"meta":{},"tags":[]},{"ancestorTitles":["OPROX OS — Phase 2 Complete Verification Suite","Phase 2.3 — AI Wallet Transaction Engine (Reserve → Execute → Finalize)"],"fullName":"OPROX OS — Phase 2 Complete Verification Suite Phase 2.3 — AI Wallet Transaction Engine (Reserve → Execute → Finalize) reserves estimated cost atomically and locks wallet balance","status":"passed","title":"reserves estimated cost atomically and locks wallet balance","duration":0.8742460000000847,"failureMessages":[],"meta":{},"tags":[]},{"ancestorTitles":["OPROX OS — Phase 2 Complete Verification Suite","Phase 2.3 — AI Wallet Transaction Engine (Reserve → Execute → Finalize)"],"fullName":"OPROX OS — Phase 2 Complete Verification Suite Phase 2.3 — AI Wallet Transaction Engine (Reserve → Execute → Finalize) finalizes actual usage cost and refunds over-reserved delta","status":"passed","title":"finalizes actual usage cost and refunds over-reserved delta","duration":0.9997940000000654,"failureMessages":[],"meta":{},"tags":[]},{"ancestorTitles":["OPROX OS — Phase 2 Complete Verification Suite","Phase 2.3 — AI Wallet Transaction Engine (Reserve → Execute → Finalize)"],"fullName":"OPROX OS — Phase 2 Complete Verification Suite Phase 2.3 — AI Wallet Transaction Engine (Reserve → Execute → Finalize) rolls back reservation completely on execution failure","status":"passed","title":"rolls back reservation completely on execution failure","duration":0.9894529999999122,"failureMessages":[],"meta":{},"tags":[]},{"ancestorTitles":["OPROX OS — Phase 2 Complete Verification Suite","Phase 2.3 — AI Wallet Transaction Engine (Reserve → Execute → Finalize)"],"fullName":"OPROX OS — Phase 2 Complete Verification Suite Phase 2.3 — AI Wallet Transaction Engine (Reserve → Execute → Finalize) denies reservation when requested micros exceed available wallet balance","status":"passed","title":"denies reservation when requested micros exceed available wallet balance","duration":0.8733059999999568,"failureMessages":[],"meta":{},"tags":[]},{"ancestorTitles":["OPROX OS — Phase 2 Complete Verification Suite","Phase 2.3 — AI Wallet Transaction Engine (Reserve → Execute → Finalize)"],"fullName":"OPROX OS — Phase 2 Complete Verification Suite Phase 2.3 — AI Wallet Transaction Engine (Reserve → Execute → Finalize) handles concurrent reservation attempts safely without double spending","status":"passed","title":"handles concurrent reservation attempts safely without double spending","duration":0.5354879999999866,"failureMessages":[],"meta":{},"tags":[]},{"ancestorTitles":["OPROX OS — Phase 2 Complete Verification Suite","Phase 2.4 — Billing and CostGuard Atomicity"],"fullName":"OPROX OS — Phase 2 Complete Verification Suite Phase 2.4 — Billing and CostGuard Atomicity creates subscription, invoice, and credits wallet atomically","status":"passed","title":"creates subscription, invoice, and credits wallet atomically","duration":1.853919999999789,"failureMessages":[],"meta":{},"tags":[]},{"ancestorTitles":["OPROX OS — Phase 2 Complete Verification Suite","Phase 2.4 — Billing and CostGuard Atomicity"],"fullName":"OPROX OS — Phase 2 Complete Verification Suite Phase 2.4 — Billing and CostGuard Atomicity records CostGuard daily usage persistently and updates daily accumulator","status":"passed","title":"records CostGuard daily usage persistently and updates daily accumulator","duration":0.7595000000001164,"failureMessages":[],"meta":{},"tags":[]},{"ancestorTitles":["OPROX OS — Phase 2 Complete Verification Suite","Phase 2.4 — Billing and CostGuard Atomicity"],"fullName":"OPROX OS — Phase 2 Complete Verification Suite Phase 2.4 — Billing and CostGuard Atomicity automatically triggers global KillSwitch when usage exceeds autoKillAtUsd threshold","status":"passed","title":"automatically triggers global KillSwitch when usage exceeds autoKillAtUsd threshold","duration":1.0860780000000432,"failureMessages":[],"meta":{},"tags":[]},{"ancestorTitles":["OPROX OS — Phase 2 Complete Verification Suite","Phase 2.5 — Multi-Instance Readiness"],"fullName":"OPROX OS — Phase 2 Complete Verification Suite Phase 2.5 — Multi-Instance Readiness persists and reflects KillSwitch state updates consistently","status":"passed","title":"persists and reflects KillSwitch state updates consistently","duration":0.3494579999999132,"failureMessages":[],"meta":{},"tags":[]},{"ancestorTitles":["OPROX OS — Phase 2 Complete Verification Suite","Phase 2.5 — Multi-Instance Readiness"],"fullName":"OPROX OS — Phase 2 Complete Verification Suite Phase 2.5 — Multi-Instance Readiness retrieves updated CostGuard settings consistently","status":"passed","title":"retrieves updated CostGuard settings consistently","duration":0.32563699999991513,"failureMessages":[],"meta":{},"tags":[]}],"startTime":1785779658946,"endTime":1785779658968.3257,"status":"passed","message":"","name":"/app/applet/tests/phase2-complete.test.ts"},{"assertionResults":[{"ancestorTitles":["OPROX Code / AI — Phase 2 Test Suite","1. Autonomous Code Generation Engine"],"fullName":"OPROX Code / AI — Phase 2 Test Suite 1. Autonomous Code Generation Engine should generate valid TypeScript module artifact structure","status":"passed","title":"should generate valid TypeScript module artifact structure","duration":3.1684230000000184,"failureMessages":[],"meta":{},"tags":[]},{"ancestorTitles":["OPROX Code / AI — Phase 2 Test Suite","2. Intelligent Patch Engine"],"fullName":"OPROX Code / AI — Phase 2 Test Suite 2. Intelligent Patch Engine should validate code patch operations and rollback state","status":"passed","title":"should validate code patch operations and rollback state","duration":0.7709230000000389,"failureMessages":[],"meta":{},"tags":[]},{"ancestorTitles":["OPROX Code / AI — Phase 2 Test Suite","3. Workspace Code Intelligence"],"fullName":"OPROX Code / AI — Phase 2 Test Suite 3. Workspace Code Intelligence should index symbols and calculate cross-file usages accurately","status":"passed","title":"should index symbols and calculate cross-file usages accurately","duration":0.646979999999985,"failureMessages":[],"meta":{},"tags":[]},{"ancestorTitles":["OPROX Code / AI — Phase 2 Test Suite","4. AI Code Review & Security OWASP Audit"],"fullName":"OPROX Code / AI — Phase 2 Test Suite 4. AI Code Review & Security OWASP Audit should calculate workspace quality score based on findings severity","status":"passed","title":"should calculate workspace quality score based on findings severity","duration":0.32507399999997233,"failureMessages":[],"meta":{},"tags":[]},{"ancestorTitles":["OPROX Code / AI — Phase 2 Test Suite","5. AI Test Generator"],"fullName":"OPROX Code / AI — Phase 2 Test Suite 5. AI Test Generator should synthesize Vitest unit test assertion code correctly","status":"passed","title":"should synthesize Vitest unit test assertion code correctly","duration":0.4575189999999907,"failureMessages":[],"meta":{},"tags":[]},{"ancestorTitles":["OPROX Code / AI — Phase 2 Test Suite","6. AI Documentation Generator"],"fullName":"OPROX Code / AI — Phase 2 Test Suite 6. AI Documentation Generator should generate all required markdown technical documentation artifacts","status":"passed","title":"should generate all required markdown technical documentation artifacts","duration":1.8037180000000035,"failureMessages":[],"meta":{},"tags":[]}],"startTime":1785779659811,"endTime":1785779659818.8037,"status":"passed","message":"","name":"/app/applet/tests/phase2-oprox-code-ai.test.ts"},{"assertionResults":[{"ancestorTitles":["OPROX OS — Phase 3 Complete Verification Suite","Requirement 1 — Authoritative DB-backed AI Wallet Gate"],"fullName":"OPROX OS — Phase 3 Complete Verification Suite Requirement 1 — Authoritative DB-backed AI Wallet Gate uses DB wallet balance as authority and denies request if balance is below $0.01 threshold","status":"passed","title":"uses DB wallet balance as authority and denies request if balance is below $0.01 threshold","duration":107.05841600000076,"failureMessages":[],"meta":{},"tags":[]},{"ancestorTitles":["OPROX OS — Phase 3 Complete Verification Suite","Requirement 1 — Authoritative DB-backed AI Wallet Gate"],"fullName":"OPROX OS — Phase 3 Complete Verification Suite Requirement 1 — Authoritative DB-backed AI Wallet Gate allows request when DB wallet balance meets execution threshold","status":"passed","title":"allows request when DB wallet balance meets execution threshold","duration":9.158169000000271,"failureMessages":[],"meta":{},"tags":[]},{"ancestorTitles":["OPROX OS — Phase 3 Complete Verification Suite","Requirement 2 — Distributed Rate Limiting"],"fullName":"OPROX OS — Phase 3 Complete Verification Suite Requirement 2 — Distributed Rate Limiting tracks rate limits using distributed checker and denies when max requests exceeded","status":"passed","title":"tracks rate limits using distributed checker and denies when max requests exceeded","duration":0.8774299999995492,"failureMessages":[],"meta":{},"tags":[]},{"ancestorTitles":["OPROX OS — Phase 3 Complete Verification Suite","Requirement 2 — Distributed Rate Limiting"],"fullName":"OPROX OS — Phase 3 Complete Verification Suite Requirement 2 — Distributed Rate Limiting returns truthful Redis connection status","status":"passed","title":"returns truthful Redis connection status","duration":0.5745790000000852,"failureMessages":[],"meta":{},"tags":[]},{"ancestorTitles":["OPROX OS — Phase 3 Complete Verification Suite","Requirement 3 — Test Isolation"],"fullName":"OPROX OS — Phase 3 Complete Verification Suite Requirement 3 — Test Isolation resets KillSwitch state deterministically","status":"passed","title":"resets KillSwitch state deterministically","duration":5.87133300000005,"failureMessages":[],"meta":{},"tags":[]},{"ancestorTitles":["OPROX OS — Phase 3 Complete Verification Suite","Requirement 5 — Zero Google AI Studio Runtime Coupling"],"fullName":"OPROX OS — Phase 3 Complete Verification Suite Requirement 5 — Zero Google AI Studio Runtime Coupling serves endpoints successfully without any AI Studio headers or env requirements","status":"passed","title":"serves endpoints successfully without any AI Studio headers or env requirements","duration":3.6043289999997796,"failureMessages":[],"meta":{},"tags":[]},{"ancestorTitles":["OPROX OS — Phase 3 Complete Verification Suite","Requirement 8 — Health and Readiness Probes"],"fullName":"OPROX OS — Phase 3 Complete Verification Suite Requirement 8 — Health and Readiness Probes returns 200 OK for /api/health liveness probe","status":"passed","title":"returns 200 OK for /api/health liveness probe","duration":4.2090229999994335,"failureMessages":[],"meta":{},"tags":[]},{"ancestorTitles":["OPROX OS — Phase 3 Complete Verification Suite","Requirement 8 — Health and Readiness Probes"],"fullName":"OPROX OS — Phase 3 Complete Verification Suite Requirement 8 — Health and Readiness Probes returns structured status for /api/readiness probe","status":"passed","title":"returns structured status for /api/readiness probe","duration":58.7758560000002,"failureMessages":[],"meta":{},"tags":[]},{"ancestorTitles":["OPROX OS — Phase 3 Complete Verification Suite","Requirement 8 — Health and Readiness Probes"],"fullName":"OPROX OS — Phase 3 Complete Verification Suite Requirement 8 — Health and Readiness Probes returns 200 for /readyz alias","status":"passed","title":"returns 200 for /readyz alias","duration":6.999856000000364,"failureMessages":[],"meta":{},"tags":[]},{"ancestorTitles":["OPROX OS — Phase 3 Complete Verification Suite","Requirement 10 — Remove Mock Infrastructure Status"],"fullName":"OPROX OS — Phase 3 Complete Verification Suite Requirement 10 — Remove Mock Infrastructure Status reports truthful infrastructure telemetry without fake numbers","status":"passed","title":"reports truthful infrastructure telemetry without fake numbers","duration":1.0940730000002077,"failureMessages":[],"meta":{},"tags":[]},{"ancestorTitles":["OPROX OS — Phase 3 Complete Verification Suite","Requirement 10 — Remove Mock Infrastructure Status"],"fullName":"OPROX OS — Phase 3 Complete Verification Suite Requirement 10 — Remove Mock Infrastructure Status reports truthful worker status","status":"passed","title":"reports truthful worker status","duration":0.644535999999789,"failureMessages":[],"meta":{},"tags":[]},{"ancestorTitles":["OPROX OS — Phase 3 Complete Verification Suite","Requirement 10 — Remove Mock Infrastructure Status"],"fullName":"OPROX OS — Phase 3 Complete Verification Suite Requirement 10 — Remove Mock Infrastructure Status collects real health snapshot telemetry","status":"passed","title":"collects real health snapshot telemetry","duration":1.0934639999995852,"failureMessages":[],"meta":{},"tags":[]},{"ancestorTitles":["OPROX OS — Phase 3 Complete Verification Suite","Requirement 11 — Production Fail-Closed Database Checks"],"fullName":"OPROX OS — Phase 3 Complete Verification Suite Requirement 11 — Production Fail-Closed Database Checks throws security error in production mode if database is unconfigured when toggling KillSwitch","status":"passed","title":"throws security error in production mode if database is unconfigured when toggling KillSwitch","duration":2.3656369999998788,"failureMessages":[],"meta":{},"tags":[]},{"ancestorTitles":["OPROX OS — Phase 3 Complete Verification Suite","Requirement 11 — Production Fail-Closed Database Checks"],"fullName":"OPROX OS — Phase 3 Complete Verification Suite Requirement 11 — Production Fail-Closed Database Checks throws security error in production mode if database is unconfigured when updating CostGuard","status":"passed","title":"throws security error in production mode if database is unconfigured when updating CostGuard","duration":0.6263479999997799,"failureMessages":[],"meta":{},"tags":[]},{"ancestorTitles":["OPROX OS — Phase 3 Complete Verification Suite","Requirement 12 — Controlled Migration Execution"],"fullName":"OPROX OS — Phase 3 Complete Verification Suite Requirement 12 — Controlled Migration Execution executes runMigrations gracefully without throwing","status":"passed","title":"executes runMigrations gracefully without throwing","duration":0.7931699999999182,"failureMessages":[],"meta":{},"tags":[]}],"startTime":1785779643678,"endTime":1785779643883.7932,"status":"passed","message":"","name":"/app/applet/tests/phase3-complete.test.ts"},{"assertionResults":[{"ancestorTitles":["OPROX Code / AI — Phase 3 Real Execution Verification Test Suite","1. Live Workspace Synchronization (Real Environment State)"],"fullName":"OPROX Code / AI — Phase 3 Real Execution Verification Test Suite 1. Live Workspace Synchronization (Real Environment State) 1. Live workspace returns actual repository/project state, not hardcoded values","status":"passed","title":"1. Live workspace returns actual repository/project state, not hardcoded values","duration":232.96050300000024,"failureMessages":[],"meta":{},"tags":[]},{"ancestorTitles":["OPROX Code / AI — Phase 3 Real Execution Verification Test Suite","1. Live Workspace Synchronization (Real Environment State)"],"fullName":"OPROX Code / AI — Phase 3 Real Execution Verification Test Suite 1. Live Workspace Synchronization (Real Environment State) 2. Git HEAD reported by API matches actual repository HEAD","status":"passed","title":"2. Git HEAD reported by API matches actual repository HEAD","duration":152.649359,"failureMessages":[],"meta":{},"tags":[]},{"ancestorTitles":["OPROX Code / AI — Phase 3 Real Execution Verification Test Suite","2. REAL Multi-Agent Execution & Governance"],"fullName":"OPROX Code / AI — Phase 3 Real Execution Verification Test Suite 2. REAL Multi-Agent Execution & Governance 3. Agent collaboration maintains shared context and registers governed backend execution","status":"passed","title":"3. Agent collaboration maintains shared context and registers governed backend execution","duration":2.8187189999998736,"failureMessages":[],"meta":{},"tags":[]},{"ancestorTitles":["OPROX Code / AI — Phase 3 Real Execution Verification Test Suite","2. REAL Multi-Agent Execution & Governance"],"fullName":"OPROX Code / AI — Phase 3 Real Execution Verification Test Suite 2. REAL Multi-Agent Execution & Governance 14. AI Wallet / CostGuard / KillSwitch remain enforced in state model","status":"passed","title":"14. AI Wallet / CostGuard / KillSwitch remain enforced in state model","duration":0.39659100000017133,"failureMessages":[],"meta":{},"tags":[]},{"ancestorTitles":["OPROX Code / AI — Phase 3 Real Execution Verification Test Suite","3. AI Task Execution Pipeline (DAG Scheduler & Retry Engine)"],"fullName":"OPROX Code / AI — Phase 3 Real Execution Verification Test Suite 3. AI Task Execution Pipeline (DAG Scheduler & Retry Engine) 4. Pipeline respects dependencies and prevents premature execution","status":"passed","title":"4. Pipeline respects dependencies and prevents premature execution","duration":0.6565720000003239,"failureMessages":[],"meta":{},"tags":[]},{"ancestorTitles":["OPROX Code / AI — Phase 3 Real Execution Verification Test Suite","3. AI Task Execution Pipeline (DAG Scheduler & Retry Engine)"],"fullName":"OPROX Code / AI — Phase 3 Real Execution Verification Test Suite 3. AI Task Execution Pipeline (DAG Scheduler & Retry Engine) 5. Independent DAG nodes can execute concurrently","status":"passed","title":"5. Independent DAG nodes can execute concurrently","duration":0.3011630000000878,"failureMessages":[],"meta":{},"tags":[]},{"ancestorTitles":["OPROX Code / AI — Phase 3 Real Execution Verification Test Suite","3. AI Task Execution Pipeline (DAG Scheduler & Retry Engine)"],"fullName":"OPROX Code / AI — Phase 3 Real Execution Verification Test Suite 3. AI Task Execution Pipeline (DAG Scheduler & Retry Engine) 6. Failed task retry actually re-executes and increments retry counter","status":"passed","title":"6. Failed task retry actually re-executes and increments retry counter","duration":0.901021000000128,"failureMessages":[],"meta":{},"tags":[]},{"ancestorTitles":["OPROX Code / AI — Phase 3 Real Execution Verification Test Suite","3. AI Task Execution Pipeline (DAG Scheduler & Retry Engine)"],"fullName":"OPROX Code / AI — Phase 3 Real Execution Verification Test Suite 3. AI Task Execution Pipeline (DAG Scheduler & Retry Engine) 7. Pipeline state persists across queries","status":"passed","title":"7. Pipeline state persists across queries","duration":0.8225239999997029,"failureMessages":[],"meta":{},"tags":[]},{"ancestorTitles":["OPROX Code / AI — Phase 3 Real Execution Verification Test Suite","4. AI Project Generator & Authoritative VFS"],"fullName":"OPROX Code / AI — Phase 3 Real Execution Verification Test Suite 4. AI Project Generator & Authoritative VFS 8. Generated project output changes according to selected stack/template","status":"passed","title":"8. Generated project output changes according to selected stack/template","duration":1.0318600000000515,"failureMessages":[],"meta":{},"tags":[]},{"ancestorTitles":["OPROX Code / AI — Phase 3 Real Execution Verification Test Suite","4. AI Project Generator & Authoritative VFS"],"fullName":"OPROX Code / AI — Phase 3 Real Execution Verification Test Suite 4. AI Project Generator & Authoritative VFS 9. Generated VFS survives reload","status":"passed","title":"9. Generated VFS survives reload","duration":0.8947399999997288,"failureMessages":[],"meta":{},"tags":[]},{"ancestorTitles":["OPROX Code / AI — Phase 3 Real Execution Verification Test Suite","5. Release Manager & Authoritative Gate"],"fullName":"OPROX Code / AI — Phase 3 Real Execution Verification Test Suite 5. Release Manager & Authoritative Gate 10. Release readiness is calculated from real checks","status":"passed","title":"10. Release readiness is calculated from real checks","duration":102.50314000000026,"failureMessages":[],"meta":{},"tags":[]},{"ancestorTitles":["OPROX Code / AI — Phase 3 Real Execution Verification Test Suite","5. Release Manager & Authoritative Gate"],"fullName":"OPROX Code / AI — Phase 3 Real Execution Verification Test Suite 5. Release Manager & Authoritative Gate 11. Deployment returns NOT_CONFIGURED instead of fake success when no provider exists","status":"passed","title":"11. Deployment returns NOT_CONFIGURED instead of fake success when no provider exists","duration":0.5370319999997264,"failureMessages":[],"meta":{},"tags":[]},{"ancestorTitles":["OPROX Code / AI — Phase 3 Real Execution Verification Test Suite","6. End-to-End Project Lifecycle Engine"],"fullName":"OPROX Code / AI — Phase 3 Real Execution Verification Test Suite 6. End-to-End Project Lifecycle Engine 12. Lifecycle invokes real engines and stops on failure (e.g. NOT_CONFIGURED deployment)","status":"passed","title":"12. Lifecycle invokes real engines and stops on failure (e.g. NOT_CONFIGURED deployment)","duration":0.20717599999989034,"failureMessages":[],"meta":{},"tags":[]},{"ancestorTitles":["OPROX Code / AI — Phase 3 Real Execution Verification Test Suite","6. End-to-End Project Lifecycle Engine"],"fullName":"OPROX Code / AI — Phase 3 Real Execution Verification Test Suite 6. End-to-End Project Lifecycle Engine 13. Phase 3 state is strictly tenant-isolated","status":"passed","title":"13. Phase 3 state is strictly tenant-isolated","duration":1.9680339999999887,"failureMessages":[],"meta":{},"tags":[]}],"startTime":1785779646288,"endTime":1785779646789.968,"status":"passed","message":"","name":"/app/applet/tests/phase3-corrections.test.ts"},{"assertionResults":[{"ancestorTitles":["OPROX Code / AI — Phase 3 Defect Corrections Integration Test Suite (20 Scenarios)"],"fullName":"OPROX Code / AI — Phase 3 Defect Corrections Integration Test Suite (20 Scenarios) 1. GET /api/phase3/workspace-sync returns real file count, build status, test state, git state, deployment state without hardcoded constants","status":"passed","title":"1. GET /api/phase3/workspace-sync returns real file count, build status, test state, git state, deployment state without hardcoded constants","duration":1039.1055350000006,"failureMessages":[],"meta":{},"tags":[]},{"ancestorTitles":["OPROX Code / AI — Phase 3 Defect Corrections Integration Test Suite (20 Scenarios)"],"fullName":"OPROX Code / AI — Phase 3 Defect Corrections Integration Test Suite (20 Scenarios) 2. POST /api/phase3/force-vfs-sync requires authentication and rejects unauthorized requests","status":"passed","title":"2. POST /api/phase3/force-vfs-sync requires authentication and rejects unauthorized requests","duration":75.52226899999914,"failureMessages":[],"meta":{},"tags":[]},{"ancestorTitles":["OPROX Code / AI — Phase 3 Defect Corrections Integration Test Suite (20 Scenarios)"],"fullName":"OPROX Code / AI — Phase 3 Defect Corrections Integration Test Suite (20 Scenarios) 3. POST /api/phase3/force-vfs-sync updates tenant-scoped state when authenticated","status":"passed","title":"3. POST /api/phase3/force-vfs-sync updates tenant-scoped state when authenticated","duration":800.3545149999991,"failureMessages":[],"meta":{},"tags":[]},{"ancestorTitles":["OPROX Code / AI — Phase 3 Defect Corrections Integration Test Suite (20 Scenarios)"],"fullName":"OPROX Code / AI — Phase 3 Defect Corrections Integration Test Suite (20 Scenarios) 4. GET /api/phase3/multi-agent returns tenant-isolated handoffs and shared context","status":"passed","title":"4. GET /api/phase3/multi-agent returns tenant-isolated handoffs and shared context","duration":81.6100490000008,"failureMessages":[],"meta":{},"tags":[]},{"ancestorTitles":["OPROX Code / AI — Phase 3 Defect Corrections Integration Test Suite (20 Scenarios)"],"fullName":"OPROX Code / AI — Phase 3 Defect Corrections Integration Test Suite (20 Scenarios) 5. POST /api/phase3/multi-agent/run-swarm requires authentication","status":"passed","title":"5. POST /api/phase3/multi-agent/run-swarm requires authentication","duration":13.477523999999903,"failureMessages":[],"meta":{},"tags":[]},{"ancestorTitles":["OPROX Code / AI — Phase 3 Defect Corrections Integration Test Suite (20 Scenarios)"],"fullName":"OPROX Code / AI — Phase 3 Defect Corrections Integration Test Suite (20 Scenarios) 6. Multi-agent route actually reaches governed AI execution","status":"passed","title":"6. Multi-agent route actually reaches governed AI execution","duration":111.20789299999888,"failureMessages":[],"meta":{},"tags":[]},{"ancestorTitles":["OPROX Code / AI — Phase 3 Defect Corrections Integration Test Suite (20 Scenarios)"],"fullName":"OPROX Code / AI — Phase 3 Defect Corrections Integration Test Suite (20 Scenarios) 7. Governance gates block multi-agent execution when kill switch is active or budget is exceeded","status":"passed","title":"7. Governance gates block multi-agent execution when kill switch is active or budget is exceeded","duration":12.934676000000763,"failureMessages":[],"meta":{},"tags":[]},{"ancestorTitles":["OPROX Code / AI — Phase 3 Defect Corrections Integration Test Suite (20 Scenarios)"],"fullName":"OPROX Code / AI — Phase 3 Defect Corrections Integration Test Suite (20 Scenarios) 8. POST /api/phase3/multi-agent/handoff accepts valid handoffs and updates state","status":"passed","title":"8. POST /api/phase3/multi-agent/handoff accepts valid handoffs and updates state","duration":56.67457699999977,"failureMessages":[],"meta":{},"tags":[]},{"ancestorTitles":["OPROX Code / AI — Phase 3 Defect Corrections Integration Test Suite (20 Scenarios)"],"fullName":"OPROX Code / AI — Phase 3 Defect Corrections Integration Test Suite (20 Scenarios) 9. POST /api/phase3/pipeline/run requires authentication","status":"passed","title":"9. POST /api/phase3/pipeline/run requires authentication","duration":19.236794999998892,"failureMessages":[],"meta":{},"tags":[]},{"ancestorTitles":["OPROX Code / AI — Phase 3 Defect Corrections Integration Test Suite (20 Scenarios)"],"fullName":"OPROX Code / AI — Phase 3 Defect Corrections Integration Test Suite (20 Scenarios) 10. POST /api/phase3/pipeline/run dispatches runnable DAG tasks based on executionType","status":"passed","title":"10. POST /api/phase3/pipeline/run dispatches runnable DAG tasks based on executionType","duration":6.823008999999729,"failureMessages":[],"meta":{},"tags":[]},{"ancestorTitles":["OPROX Code / AI — Phase 3 Defect Corrections Integration Test Suite (20 Scenarios)"],"fullName":"OPROX Code / AI — Phase 3 Defect Corrections Integration Test Suite (20 Scenarios) 11. Pipeline runner records real input, output, execution status, timestamps, and retry count","status":"passed","title":"11. Pipeline runner records real input, output, execution status, timestamps, and retry count","duration":5.60034000000087,"failureMessages":[],"meta":{},"tags":[]},{"ancestorTitles":["OPROX Code / AI — Phase 3 Defect Corrections Integration Test Suite (20 Scenarios)"],"fullName":"OPROX Code / AI — Phase 3 Defect Corrections Integration Test Suite (20 Scenarios) 12. POST /api/phase3/pipeline/retry implements exponential backoff logic","status":"passed","title":"12. POST /api/phase3/pipeline/retry implements exponential backoff logic","duration":1063.956279,"failureMessages":[],"meta":{},"tags":[]},{"ancestorTitles":["OPROX Code / AI — Phase 3 Defect Corrections Integration Test Suite (20 Scenarios)"],"fullName":"OPROX Code / AI — Phase 3 Defect Corrections Integration Test Suite (20 Scenarios) 13. POST /api/phase3/pipeline/cancel updates task status to cancelled","status":"passed","title":"13. POST /api/phase3/pipeline/cancel updates task status to cancelled","duration":9.8337679999986,"failureMessages":[],"meta":{},"tags":[]},{"ancestorTitles":["OPROX Code / AI — Phase 3 Defect Corrections Integration Test Suite (20 Scenarios)"],"fullName":"OPROX Code / AI — Phase 3 Defect Corrections Integration Test Suite (20 Scenarios) 14. POST /api/phase3/project-generator/synthesize creates/updates real files in VFS / workspace","status":"passed","title":"14. POST /api/phase3/project-generator/synthesize creates/updates real files in VFS / workspace","duration":12.397445999999036,"failureMessages":[],"meta":{},"tags":[]},{"ancestorTitles":["OPROX Code / AI — Phase 3 Defect Corrections Integration Test Suite (20 Scenarios)"],"fullName":"OPROX Code / AI — Phase 3 Defect Corrections Integration Test Suite (20 Scenarios) 15. GET /api/phase3/release-manager calculates readiness score from real test, build, git, security, and deployment states","status":"passed","title":"15. GET /api/phase3/release-manager calculates readiness score from real test, build, git, security, and deployment states","duration":312.3014949999997,"failureMessages":[],"meta":{},"tags":[]},{"ancestorTitles":["OPROX Code / AI — Phase 3 Defect Corrections Integration Test Suite (20 Scenarios)"],"fullName":"OPROX Code / AI — Phase 3 Defect Corrections Integration Test Suite (20 Scenarios) 16. POST /api/phase3/release-manager/create records structured release candidate","status":"passed","title":"16. POST /api/phase3/release-manager/create records structured release candidate","duration":284.22243399999934,"failureMessages":[],"meta":{},"tags":[]},{"ancestorTitles":["OPROX Code / AI — Phase 3 Defect Corrections Integration Test Suite (20 Scenarios)"],"fullName":"OPROX Code / AI — Phase 3 Defect Corrections Integration Test Suite (20 Scenarios) 17. POST /api/phase3/release-manager/deploy returns explicit failure if target is NOT_CONFIGURED","status":"passed","title":"17. POST /api/phase3/release-manager/deploy returns explicit failure if target is NOT_CONFIGURED","duration":8.619304999998349,"failureMessages":[],"meta":{},"tags":[]},{"ancestorTitles":["OPROX Code / AI — Phase 3 Defect Corrections Integration Test Suite (20 Scenarios)"],"fullName":"OPROX Code / AI — Phase 3 Defect Corrections Integration Test Suite (20 Scenarios) 18. POST /api/phase3/lifecycle/run-stage runs stage logic and stops on failure","status":"passed","title":"18. POST /api/phase3/lifecycle/run-stage runs stage logic and stops on failure","duration":9.517346000000543,"failureMessages":[],"meta":{},"tags":[]},{"ancestorTitles":["OPROX Code / AI — Phase 3 Defect Corrections Integration Test Suite (20 Scenarios)"],"fullName":"OPROX Code / AI — Phase 3 Defect Corrections Integration Test Suite (20 Scenarios) 19. POST /api/phase3/lifecycle/auto-run executes stages sequentially and halts at blocking failure stage","status":"failed","title":"19. POST /api/phase3/lifecycle/auto-run executes stages sequentially and halts at blocking failure stage","duration":30068.386264,"failureMessages":["Error: STACK_TRACE_ERROR\n    at task (file:///app/applet/node_modules/@vitest/runner/dist/chunk-artifact.js:1784:27)\n    at Object.<anonymous> (file:///app/applet/node_modules/@vitest/runner/dist/chunk-artifact.js:1817:16)\n    at Object.<anonymous> (file:///app/applet/node_modules/@vitest/runner/dist/chunk-artifact.js:1563:28)\n    at chain (file:///app/applet/node_modules/@vitest/runner/dist/chunk-artifact.js:599:14)\n    at /app/applet/tests/phase3-defect-corrections.test.ts:267:3\n    at file:///app/applet/node_modules/@vitest/runner/dist/chunk-artifact.js:1889:40\n    at runWithSuite (file:///app/applet/node_modules/@vitest/runner/dist/chunk-artifact.js:2258:8)\n    at Object.collect (file:///app/applet/node_modules/@vitest/runner/dist/chunk-artifact.js:1889:10)\n    at Object.collect (file:///app/applet/node_modules/@vitest/runner/dist/chunk-artifact.js:1893:54)\n    at processTicksAndRejections (node:internal/process/task_queues:103:5)"],"meta":{},"tags":[]},{"ancestorTitles":["OPROX Code / AI — Phase 3 Defect Corrections Integration Test Suite (20 Scenarios)"],"fullName":"OPROX Code / AI — Phase 3 Defect Corrections Integration Test Suite (20 Scenarios) 20. Phase 3 store state survives server re-queries and enforces tenant isolation","status":"passed","title":"20. Phase 3 store state survives server re-queries and enforces tenant isolation","duration":0.43278400000417605,"failureMessages":[],"meta":{},"tags":[]}],"startTime":1785779604287,"endTime":1785779638280.4329,"status":"failed","message":"","name":"/app/applet/tests/phase3-defect-corrections.test.ts"},{"assertionResults":[{"ancestorTitles":["OPROX Code / AI — Phase 3 Required Test Suite","1. AI Project Generator"],"fullName":"OPROX Code / AI — Phase 3 Required Test Suite 1. AI Project Generator should validate 6-step project wizard configuration and target scaffolding","status":"passed","title":"should validate 6-step project wizard configuration and target scaffolding","duration":3.2027160000000094,"failureMessages":[],"meta":{},"tags":[]},{"ancestorTitles":["OPROX Code / AI — Phase 3 Required Test Suite","2. REAL Multi-Agent Swarm Collaboration (9 Specialist Agents)"],"fullName":"OPROX Code / AI — Phase 3 Required Test Suite 2. REAL Multi-Agent Swarm Collaboration (9 Specialist Agents) should maintain shared project context and execute dependency-aware agent handoffs","status":"passed","title":"should maintain shared project context and execute dependency-aware agent handoffs","duration":0.5771260000000211,"failureMessages":[],"meta":{},"tags":[]},{"ancestorTitles":["OPROX Code / AI — Phase 3 Required Test Suite","3. AI Task Execution Pipeline (DAG Queue)"],"fullName":"OPROX Code / AI — Phase 3 Required Test Suite 3. AI Task Execution Pipeline (DAG Queue) should handle task dependencies, execution state transitions, and retries","status":"passed","title":"should handle task dependencies, execution state transitions, and retries","duration":1.2472369999999842,"failureMessages":[],"meta":{},"tags":[]},{"ancestorTitles":["OPROX Code / AI — Phase 3 Required Test Suite","4. Live Workspace Synchronization"],"fullName":"OPROX Code / AI — Phase 3 Required Test Suite 4. Live Workspace Synchronization should track VFS files, build artifacts, Vitest coverage, Git state, and deployment health","status":"passed","title":"should track VFS files, build artifacts, Vitest coverage, Git state, and deployment health","duration":0.44978500000001986,"failureMessages":[],"meta":{},"tags":[]},{"ancestorTitles":["OPROX Code / AI — Phase 3 Required Test Suite","5. AI Release Manager & Production Readiness"],"fullName":"OPROX Code / AI — Phase 3 Required Test Suite 5. AI Release Manager & Production Readiness should calculate SemVer candidates, compile release notes, and issue GO/NO-GO determination","status":"passed","title":"should calculate SemVer candidates, compile release notes, and issue GO/NO-GO determination","duration":0.4832890000000134,"failureMessages":[],"meta":{},"tags":[]},{"ancestorTitles":["OPROX Code / AI — Phase 3 Required Test Suite","6. End-to-End Project Lifecycle Workflow"],"fullName":"OPROX Code / AI — Phase 3 Required Test Suite 6. End-to-End Project Lifecycle Workflow should support complete 14-stage workflow execution from IDEA to CLOUD RUN DEPLOYMENT","status":"passed","title":"should support complete 14-stage workflow execution from IDEA to CLOUD RUN DEPLOYMENT","duration":0.30531000000001995,"failureMessages":[],"meta":{},"tags":[]}],"startTime":1785779659529,"endTime":1785779659536.3054,"status":"passed","message":"","name":"/app/applet/tests/phase3-oprox-code-ai.test.ts"},{"assertionResults":[{"ancestorTitles":["OPROX OS — Phase 4 Business & Financial Policy Suite","1. Currency & Saudi VAT Engine (15% ZATCA Standard)"],"fullName":"OPROX OS — Phase 4 Business & Financial Policy Suite 1. Currency & Saudi VAT Engine (15% ZATCA Standard) calculates 15% Saudi VAT using integer halalas without rounding error","status":"passed","title":"calculates 15% Saudi VAT using integer halalas without rounding error","duration":2.5516169999996237,"failureMessages":[],"meta":{},"tags":[]},{"ancestorTitles":["OPROX OS — Phase 4 Business & Financial Policy Suite","1. Currency & Saudi VAT Engine (15% ZATCA Standard)"],"fullName":"OPROX OS — Phase 4 Business & Financial Policy Suite 1. Currency & Saudi VAT Engine (15% ZATCA Standard) generates sequential ZATCA-compliant invoice number","status":"passed","title":"generates sequential ZATCA-compliant invoice number","duration":1.3270990000000893,"failureMessages":[],"meta":{},"tags":[]},{"ancestorTitles":["OPROX OS — Phase 4 Business & Financial Policy Suite","1. Currency & Saudi VAT Engine (15% ZATCA Standard)"],"fullName":"OPROX OS — Phase 4 Business & Financial Policy Suite 1. Currency & Saudi VAT Engine (15% ZATCA Standard) generates valid TLV Base64 QR code payload for ZATCA simplified e-invoices","status":"passed","title":"generates valid TLV Base64 QR code payload for ZATCA simplified e-invoices","duration":0.9718540000003486,"failureMessages":[],"meta":{},"tags":[]},{"ancestorTitles":["OPROX OS — Phase 4 Business & Financial Policy Suite","2. Centralized Pricing Catalog Management"],"fullName":"OPROX OS — Phase 4 Business & Financial Policy Suite 2. Centralized Pricing Catalog Management provides active plans with integer minor units","status":"passed","title":"provides active plans with integer minor units","duration":0.5307109999998829,"failureMessages":[],"meta":{},"tags":[]},{"ancestorTitles":["OPROX OS — Phase 4 Business & Financial Policy Suite","2. Centralized Pricing Catalog Management"],"fullName":"OPROX OS — Phase 4 Business & Financial Policy Suite 2. Centralized Pricing Catalog Management validates plan purchasability and rejects draft/unset price plans","status":"passed","title":"validates plan purchasability and rejects draft/unset price plans","duration":0.7914529999998194,"failureMessages":[],"meta":{},"tags":[]},{"ancestorTitles":["OPROX OS — Phase 4 Business & Financial Policy Suite","3. Payment Provider Abstraction & Payment Policy"],"fullName":"OPROX OS — Phase 4 Business & Financial Policy Suite 3. Payment Provider Abstraction & Payment Policy permits approved Saudi payment methods (mada, STC Pay, barq Pay, Bank Transfer)","status":"passed","title":"permits approved Saudi payment methods (mada, STC Pay, barq Pay, Bank Transfer)","duration":0.47897499999999127,"failureMessages":[],"meta":{},"tags":[]},{"ancestorTitles":["OPROX OS — Phase 4 Business & Financial Policy Suite","3. Payment Provider Abstraction & Payment Policy"],"fullName":"OPROX OS — Phase 4 Business & Financial Policy Suite 3. Payment Provider Abstraction & Payment Policy enforces strict prohibition on credit cards per commercial policy","status":"passed","title":"enforces strict prohibition on credit cards per commercial policy","duration":0.24767000000019834,"failureMessages":[],"meta":{},"tags":[]},{"ancestorTitles":["OPROX OS — Phase 4 Business & Financial Policy Suite","3. Payment Provider Abstraction & Payment Policy"],"fullName":"OPROX OS — Phase 4 Business & Financial Policy Suite 3. Payment Provider Abstraction & Payment Policy rejects admin attempts to enable credit cards via API","status":"passed","title":"rejects admin attempts to enable credit cards via API","duration":43.904705999999805,"failureMessages":[],"meta":{},"tags":[]},{"ancestorTitles":["OPROX OS — Phase 4 Business & Financial Policy Suite","4. No-Refunds Commercial Policy"],"fullName":"OPROX OS — Phase 4 Business & Financial Policy Suite 4. No-Refunds Commercial Policy throws NO_REFUNDS_POLICY error on attempt to invoke refunds","status":"passed","title":"throws NO_REFUNDS_POLICY error on attempt to invoke refunds","duration":2.8220679999999447,"failureMessages":[],"meta":{},"tags":[]},{"ancestorTitles":["OPROX OS — Phase 4 Business & Financial Policy Suite","4. No-Refunds Commercial Policy"],"fullName":"OPROX OS — Phase 4 Business & Financial Policy Suite 4. No-Refunds Commercial Policy blocks self-service refund requests via REST endpoint with HTTP 400","status":"passed","title":"blocks self-service refund requests via REST endpoint with HTTP 400","duration":6.406783999999789,"failureMessages":[],"meta":{},"tags":[]},{"ancestorTitles":["OPROX OS — Phase 4 Business & Financial Policy Suite","5. Dual Financial Approval Control Workflow"],"fullName":"OPROX OS — Phase 4 Business & Financial Policy Suite 5. Dual Financial Approval Control Workflow requires two independent administrator approvals for sensitive financial actions","status":"passed","title":"requires two independent administrator approvals for sensitive financial actions","duration":2.3261069999998654,"failureMessages":[],"meta":{},"tags":[]},{"ancestorTitles":["OPROX OS — Phase 4 Business & Financial Policy Suite","6. AI Commercial Accounting & Token Pricing Engine"],"fullName":"OPROX OS — Phase 4 Business & Financial Policy Suite 6. AI Commercial Accounting & Token Pricing Engine calculates provider cost, customer credit deduction, and non-negative platform margin","status":"passed","title":"calculates provider cost, customer credit deduction, and non-negative platform margin","duration":0.6069800000000214,"failureMessages":[],"meta":{},"tags":[]},{"ancestorTitles":["OPROX OS — Phase 4 Business & Financial Policy Suite","7. Subscription Lifecycle & Upgrade/Downgrade/Cancellation Policy"],"fullName":"OPROX OS — Phase 4 Business & Financial Policy Suite 7. Subscription Lifecycle & Upgrade/Downgrade/Cancellation Policy executes immediate upgrades with prorated ZATCA invoice generation","status":"passed","title":"executes immediate upgrades with prorated ZATCA invoice generation","duration":2.087634999999864,"failureMessages":[],"meta":{},"tags":[]},{"ancestorTitles":["OPROX OS — Phase 4 Business & Financial Policy Suite","7. Subscription Lifecycle & Upgrade/Downgrade/Cancellation Policy"],"fullName":"OPROX OS — Phase 4 Business & Financial Policy Suite 7. Subscription Lifecycle & Upgrade/Downgrade/Cancellation Policy schedules downgrades for the end of the billing cycle without immediate loss of entitlement","status":"passed","title":"schedules downgrades for the end of the billing cycle without immediate loss of entitlement","duration":0.5762720000002446,"failureMessages":[],"meta":{},"tags":[]},{"ancestorTitles":["OPROX OS — Phase 4 Business & Financial Policy Suite","7. Subscription Lifecycle & Upgrade/Downgrade/Cancellation Policy"],"fullName":"OPROX OS — Phase 4 Business & Financial Policy Suite 7. Subscription Lifecycle & Upgrade/Downgrade/Cancellation Policy schedules cancellation for end of period while keeping service active until currentPeriodEnd","status":"passed","title":"schedules cancellation for end of period while keeping service active until currentPeriodEnd","duration":0.5859510000000228,"failureMessages":[],"meta":{},"tags":[]},{"ancestorTitles":["OPROX OS — Phase 4 Business & Financial Policy Suite","7. Subscription Lifecycle & Upgrade/Downgrade/Cancellation Policy"],"fullName":"OPROX OS — Phase 4 Business & Financial Policy Suite 7. Subscription Lifecycle & Upgrade/Downgrade/Cancellation Policy handles payment failure and transitions subscription to past_due","status":"passed","title":"handles payment failure and transitions subscription to past_due","duration":0.49201799999991636,"failureMessages":[],"meta":{},"tags":[]},{"ancestorTitles":["OPROX OS — Phase 4 Business & Financial Policy Suite","8. Organization User & Seat Limit Enforcement"],"fullName":"OPROX OS — Phase 4 Business & Financial Policy Suite 8. Organization User & Seat Limit Enforcement enforces seat limits and throws error when adding members beyond max seats","status":"passed","title":"enforces seat limits and throws error when adding members beyond max seats","duration":0.8840360000003784,"failureMessages":[],"meta":{},"tags":[]}],"startTime":1785779657676,"endTime":1785779657745.884,"status":"passed","message":"","name":"/app/applet/tests/phase4-business-policy.test.ts"},{"assertionResults":[{"ancestorTitles":["OPROX OS — Phase 4 Complete Corrections Test Suite"],"fullName":"OPROX OS — Phase 4 Complete Corrections Test Suite Correction 1: Enforces seat limits and fails closed when org maxSeats reached","status":"passed","title":"Correction 1: Enforces seat limits and fails closed when org maxSeats reached","duration":4.865881000000172,"failureMessages":[],"meta":{},"tags":[]},{"ancestorTitles":["OPROX OS — Phase 4 Complete Corrections Test Suite"],"fullName":"OPROX OS — Phase 4 Complete Corrections Test Suite Correction 2 & 3: Generates atomic, strictly unique sequential invoice numbers","status":"passed","title":"Correction 2 & 3: Generates atomic, strictly unique sequential invoice numbers","duration":1.557908999999654,"failureMessages":[],"meta":{},"tags":[]},{"ancestorTitles":["OPROX OS — Phase 4 Complete Corrections Test Suite"],"fullName":"OPROX OS — Phase 4 Complete Corrections Test Suite Correction 4: Guarantees billing webhook idempotency under sequential, concurrent, and DB error conditions","status":"passed","title":"Correction 4: Guarantees billing webhook idempotency under sequential, concurrent, and DB error conditions","duration":3.039031999999679,"failureMessages":[],"meta":{},"tags":[]},{"ancestorTitles":["OPROX OS — Phase 4 Complete Corrections Test Suite"],"fullName":"OPROX OS — Phase 4 Complete Corrections Test Suite Correction 5: Removes $299 analytics pricing assumption","status":"passed","title":"Correction 5: Removes $299 analytics pricing assumption","duration":0.7956870000002709,"failureMessages":[],"meta":{},"tags":[]},{"ancestorTitles":["OPROX OS — Phase 4 Complete Corrections Test Suite"],"fullName":"OPROX OS — Phase 4 Complete Corrections Test Suite Correction 6: Uses runtime key in dev/test without hardcoded committed fallback secret","status":"passed","title":"Correction 6: Uses runtime key in dev/test without hardcoded committed fallback secret","duration":1.0939470000002984,"failureMessages":[],"meta":{},"tags":[]},{"ancestorTitles":["OPROX OS — Phase 4 Complete Corrections Test Suite"],"fullName":"OPROX OS — Phase 4 Complete Corrections Test Suite Correction 7 & 9: Dual approval enforces independent Superadmins and handles concurrency","status":"passed","title":"Correction 7 & 9: Dual approval enforces independent Superadmins and handles concurrency","duration":1.8107600000003004,"failureMessages":[],"meta":{},"tags":[]},{"ancestorTitles":["OPROX OS — Phase 4 Complete Corrections Test Suite"],"fullName":"OPROX OS — Phase 4 Complete Corrections Test Suite Correction 8: Rejects requests missing tenant context without org_default fallback","status":"passed","title":"Correction 8: Rejects requests missing tenant context without org_default fallback","duration":82.9949300000003,"failureMessages":[],"meta":{},"tags":[]},{"ancestorTitles":["OPROX OS — Phase 4 Complete Corrections Test Suite"],"fullName":"OPROX OS — Phase 4 Complete Corrections Test Suite Correction 9: Dual approval endpoints require superadmin role","status":"passed","title":"Correction 9: Dual approval endpoints require superadmin role","duration":26.289361999999983,"failureMessages":[],"meta":{},"tags":[]}],"startTime":1785779654583,"endTime":1785779654706.2893,"status":"passed","message":"","name":"/app/applet/tests/phase4-corrections.test.ts"},{"assertionResults":[{"ancestorTitles":["OPROX Code / AI — Phase 1 Test Suite","1. AI Software Architect"],"fullName":"OPROX Code / AI — Phase 1 Test Suite 1. AI Software Architect should correctly classify functional and non-functional requirements","status":"passed","title":"should correctly classify functional and non-functional requirements","duration":3.484084999999993,"failureMessages":[],"meta":{},"tags":[]},{"ancestorTitles":["OPROX Code / AI — Phase 1 Test Suite","1. AI Software Architect"],"fullName":"OPROX Code / AI — Phase 1 Test Suite 1. AI Software Architect should generate valid Drizzle ORM PostgreSQL schema definitions","status":"passed","title":"should generate valid Drizzle ORM PostgreSQL schema definitions","duration":0.417301000000009,"failureMessages":[],"meta":{},"tags":[]},{"ancestorTitles":["OPROX Code / AI — Phase 1 Test Suite","2. AI Project Planner"],"fullName":"OPROX Code / AI — Phase 1 Test Suite 2. AI Project Planner should calculate project story point completion rate correctly","status":"passed","title":"should calculate project story point completion rate correctly","duration":0.5662140000000022,"failureMessages":[],"meta":{},"tags":[]},{"ancestorTitles":["OPROX Code / AI — Phase 1 Test Suite","2. AI Project Planner"],"fullName":"OPROX Code / AI — Phase 1 Test Suite 2. AI Project Planner should validate DAG prerequisites order","status":"passed","title":"should validate DAG prerequisites order","duration":0.3250840000000039,"failureMessages":[],"meta":{},"tags":[]},{"ancestorTitles":["OPROX Code / AI — Phase 1 Test Suite","3. AI Agent Orchestration Pipeline"],"fullName":"OPROX Code / AI — Phase 1 Test Suite 3. AI Agent Orchestration Pipeline should correctly route prompts to appropriate specialized agent role","status":"passed","title":"should correctly route prompts to appropriate specialized agent role","duration":1.0480940000000487,"failureMessages":[],"meta":{},"tags":[]},{"ancestorTitles":["OPROX Code / AI — Phase 1 Test Suite","4. Project Specification Engine"],"fullName":"OPROX Code / AI — Phase 1 Test Suite 4. Project Specification Engine should contain all 5 required specifications in the suite","status":"passed","title":"should contain all 5 required specifications in the suite","duration":1.6924759999999992,"failureMessages":[],"meta":{},"tags":[]},{"ancestorTitles":["OPROX Code / AI — Phase 1 Test Suite","5. AI Conversation Memory"],"fullName":"OPROX Code / AI — Phase 1 Test Suite 5. AI Conversation Memory should record Architectural Decision Records (ADR) with valid status","status":"passed","title":"should record Architectural Decision Records (ADR) with valid status","duration":0.6411039999999844,"failureMessages":[],"meta":{},"tags":[]}],"startTime":1785779659254,"endTime":1785779659262.641,"status":"passed","message":"","name":"/app/applet/tests/phase5-oprox-code-ai.test.ts"}]}